<?xml version="1.0" encoding="UTF-8"?>
<!-- Generated by org.testng.reporters.JUnitReportReporter -->
<testsuite hostname="BLR2-5CG1327HQ2" failures="0" tests="1" name="DataWrite.ExcelDataWrite" time="1.537" errors="0" timestamp="2023-04-10T13:49:55 IST" skipped="0">
  <testcase classname="DataWrite.ExcelDataWrite" name="data" time="1.537"/>
  <system-out/>
</testsuite> <!-- DataWrite.ExcelDataWrite -->
