<?xml version="1.0" encoding="UTF-8"?>
<!-- Generated by org.testng.reporters.JUnitReportReporter -->
<testsuite hostname="BLR2-5CG1327HQ2" failures="0" tests="1" name="HeadlessBrowser.headless" time="4.975" errors="0" timestamp="2023-03-28T07:17:59 IST" skipped="0">
  <testcase classname="HeadlessBrowser.headless" name="run" time="4.975"/>
  <system-out/>
</testsuite> <!-- HeadlessBrowser.headless -->
