<?xml version="1.0" encoding="UTF-8"?>
<!-- Generated by org.testng.reporters.JUnitReportReporter -->
<testsuite hostname="BLR2-5CG1327HQ2" failures="0" tests="1" name="TestNgPractice.vw" time="6.961" errors="0" timestamp="2023-04-17T19:17:28 IST" skipped="0">
  <testcase classname="TestNgPractice.vw" name="hi" time="6.961"/>
  <system-out/>
</testsuite> <!-- TestNgPractice.vw -->
