<?xml version="1.0" encoding="UTF-8"?>
<!-- Generated by org.testng.reporters.JUnitReportReporter -->
<testsuite hostname="BLR2-5CG1327HQ2" failures="0" tests="2" name="TestNgPractice.datareceiving" time="0.011" errors="0" timestamp="2023-04-09T07:11:50 IST" skipped="0">
  <testcase classname="TestNgPractice.datareceiving" name="test" time="0.001"/>
  <system-out/>
  <testcase classname="TestNgPractice.datareceiving" name="test" time="0.010"/>
  <system-out/>
</testsuite> <!-- TestNgPractice.datareceiving -->
