<?xml version="1.0" encoding="UTF-8"?>
<!-- Generated by org.testng.reporters.JUnitReportReporter -->
<testsuite hostname="BLR2-5CG1327HQ2" failures="0" tests="1" name="TestNgPractice.data" time="0.932" errors="0" timestamp="2023-04-09T08:38:15 IST" skipped="0">
  <testcase classname="TestNgPractice.data" name="run" time="0.932"/>
  <system-out/>
</testsuite> <!-- TestNgPractice.data -->
