<?xml version="1.0" encoding="UTF-8"?>
<!-- Generated by org.testng.reporters.JUnitReportReporter -->
<testsuite hostname="BLR2-5CG1327HQ2" failures="0" tests="1" name="seleniumDemo.sample2" time="8.843" errors="0" timestamp="2023-04-20T19:32:55 IST" skipped="0">
  <testcase classname="seleniumDemo.sample2" name="run" time="8.843"/>
  <system-out/>
</testsuite> <!-- seleniumDemo.sample2 -->
