<?xml version="1.0" encoding="UTF-8"?>
<!-- Generated by org.testng.reporters.JUnitReportReporter -->
<testsuite hostname="BLR2-5CG1327HQ2" failures="0" tests="5" name="checking.checking" time="4.791" errors="0" timestamp="2023-05-07T22:29:01 IST" skipped="0">
  <testcase classname="checking.checking" name="maa" time="1.213"/>
  <system-out/>
  <testcase classname="checking.checking" name="maa" time="1.135"/>
  <system-out/>
  <testcase classname="checking.checking" name="maa" time="0.770"/>
  <system-out/>
  <testcase classname="checking.checking" name="maa" time="0.884"/>
  <system-out/>
  <testcase classname="checking.checking" name="maa" time="0.789"/>
  <system-out/>
</testsuite> <!-- checking.checking -->
