<?xml version="1.0" encoding="UTF-8"?>
<!-- Generated by org.testng.reporters.JUnitReportReporter -->
<testsuite hostname="BLR2-5CG1327HQ2" failures="0" tests="1" name="Interview.caseStudy" time="9.476" errors="0" timestamp="2023-04-08T17:52:03 IST" skipped="0">
  <testcase classname="Interview.caseStudy" name="text" time="9.476"/>
  <system-out/>
</testsuite> <!-- Interview.caseStudy -->
